#
# A fatal error has been detected by the Java Runtime Environment:
#
#  SIGSEGV (0xb) at pc=0x00000001e48bc561, pid=3398, tid=1811
#
# JRE version: Java(TM) SE Runtime Environment (8.0_51-b16) (build 1.8.0_51-b16)
# Java VM: Java HotSpot(TM) 64-Bit Server VM (25.51-b03 mixed mode bsd-amd64 compressed oops)
# Problematic frame:
# C  [libglass.dylib+0x15561]  GlassScreenDidChangeScreenParameters+0x21
#
# Failed to write core dump. Core dumps have been disabled. To enable core dumping, try "ulimit -c unlimited" before starting Java again
#
# If you would like to submit a bug report, please visit:
#   http://bugreport.java.com/bugreport/crash.jsp
#

---------------  T H R E A D  ---------------

Current thread is native thread

siginfo: si_signo: 11 (SIGSEGV), si_code: 1 (SEGV_MAPERR), si_addr: 0x0000000000000000

Registers:
RAX=0x00000001e48eeac8, RBX=0x0000000000000000, RCX=0xb0007184f696cf84, RDX=0x00007fff749361f8
RSP=0x00007fff55c18250, RBP=0x00007fff55c18260, RSI=0x00007fe1cb4048a0, RDI=0x0000000000000000
R8 =0x00007fff55c18100, R9 =0x00007fff7541c300, R10=0x0000000000000000, R11=0x0000000000000246
R12=0x00007fe1cb40b400, R13=0x00000000000f426a, R14=0x00007fe1cb69e130, R15=0x00007fff55c183a0
RIP=0x00000001e48bc561, EFLAGS=0x0000000000010246, ERR=0x0000000000000004
  TRAPNO=0x000000000000000e

Top of Stack: (sp=0x00007fff55c18250)
0x00007fff55c18250:   00007fff55c18430 00007fe1cb69e130
0x00007fff55c18260:   00007fff55c18270 00007fff8ea4845c
0x00007fff55c18270:   00007fff55c185d0 00007fff8e938634
0x00007fff55c18280:   00007fff55c182d0 0000000000000a00
0x00007fff55c18290:   00007fff75408ed0 00007fe1cb5519c0
0x00007fff55c182a0:   0000000000001001 0000000000000270
0x00007fff55c182b0:   00007fe1cb5519c0 00007fe1cb69e130
0x00007fff55c182c0:   0000000000000000 00007fff55c183a0
0x00007fff55c182d0:   0000000000000000 00007fe1cb69e0f0
0x00007fff55c182e0:   00007fff55c18420 000000000000001a
0x00007fff55c182f0:   00000000000f4288 00007fe1cb429790
0x00007fff55c18300:   00007fe1cb54c150 00007fe1cb40b400
0x00007fff55c18310:   0000000000000001 00000000000f426a
0x00007fff55c18320:   00007fe1cb40b3f0 00007fff90c5eb90
0x00007fff55c18330:   0000000000000001 0000000000000001
0x00007fff55c18340:   0000000000000030 0000000000000001
0x00007fff55c18350:   00007fff55c18370 00007fff90c5f546
0x00007fff55c18360:   00007fff75406fb0 0000000000000000
0x00007fff55c18370:   00007fff55c18390 0000000000000001
0x00007fff55c18380:   00003103cb5602a0 00007fe1cb40b424
0x00007fff55c18390:   0000000000000000 00007fff8e92e10f
0x00007fff55c183a0:   00007fe1cb69e130 00007fff75406fb0
0x00007fff55c183b0:   00007fff55c18430 0000000000000007
0x00007fff55c183c0:   00007fff55c18400 00007fff90c5cdd2
0x00007fff55c183d0:   000000010a003a00 0000000000000002
0x00007fff55c183e0:   000000010a000000 00007fe1cb429872
0x00007fff55c183f0:   0000000000000003 000000010a004400
0x00007fff55c18400:   00007fff55c184f0 00007fff90c5bb36
0x00007fff55c18410:   00007fe1cb54bce0 00007fff55c185d8
0x00007fff55c18420:   0000000000000017 0000000000000000
0x00007fff55c18430:   00000000000f426a 00007fff8e92e403
0x00007fff55c18440:   00007fff00000000 00007fe1cb66add0 

Instructions: (pc=0x00000001e48bc561)
0x00000001e48bc541:   48 89 e5 41 56 53 48 8d 05 72 26 03 00 48 83 38
0x00000001e48bc551:   00 48 89 fb 75 72 48 8d 05 6a 25 03 00 48 8b 30
0x00000001e48bc561:   48 8b 03 48 8d 15 74 9a 01 00 48 8d 0d 2e 70 01
0x00000001e48bc571:   00 48 89 df ff 90 88 03 00 00 48 8d 0d 3e 26 03 

Register to memory mapping:

RAX=0x00000001e48eeac8: jScreenClass+0 in /Library/Java/JavaVirtualMachines/jdk1.8.0_51.jdk/Contents/Home/jre/lib/libglass.dylib at 0x00000001e48a7000
RBX=0x0000000000000000 is an unknown value
RCX=0xb0007184f696cf84 is an unknown value
RDX=0x00007fff749361f8: __sFX+0x1c8 in /usr/lib/system/libsystem_c.dylib at 0x00007fff8acff000
RSP=0x00007fff55c18250 is an unknown value
RBP=0x00007fff55c18260 is an unknown value
RSI=0x00007fe1cb4048a0 is a global jni handle
RDI=0x0000000000000000 is an unknown value
R8 =0x00007fff55c18100 is an unknown value
R9 =0x00007fff7541c300: _thread+0 in /usr/lib/system/libsystem_pthread.dylib at 0x00007fff8ecd9000
R10=0x0000000000000000 is an unknown value
R11=0x0000000000000246 is an unknown value
R12=0x00007fe1cb40b400 is an unknown value
R13=0x00000000000f426a is an unknown value
R14=0x00007fe1cb69e130 is an unknown value
R15=0x00007fff55c183a0 is an unknown value


Stack: [0x00007fff5541b000,0x00007fff55c1b000],  sp=0x00007fff55c18250,  free space=8180k
Native frames: (J=compiled Java code, j=interpreted, Vv=VM code, C=native code)
C  [libglass.dylib+0x15561]  GlassScreenDidChangeScreenParameters+0x21
C  [CoreFoundation+0x12045c]  __CFNOTIFICATIONCENTER_IS_CALLING_OUT_TO_AN_OBSERVER__+0xc
C  [CoreFoundation+0x10634]  _CFXNotificationPost+0xc44
C  [Foundation+0x7aa1]  -[NSNotificationCenter postNotificationName:object:userInfo:]+0x42
C  [AppKit+0x40de7e]  -[NSApplication _reactToScreenInvalidationImmediately:]+0x17b
C  [AppKit+0x40dcc7]  __44-[NSApplication _reactToScreenInvalidation:]_block_invoke+0x4b
C  [CoreFoundation+0x808ec]  __CFRUNLOOP_IS_CALLING_OUT_TO_A_BLOCK__+0xc
C  [CoreFoundation+0x729f5]  __CFRunLoopDoBlocks+0x155
C  [CoreFoundation+0x72536]  __CFRunLoopRun+0x716
C  [CoreFoundation+0x71bd8]  CFRunLoopRunSpecific+0x128
C  [java+0x6463]  CreateExecutionEnvironment+0x367
C  [java+0x21ac]  JLI_Launch+0x7a0
C  [java+0x84c0]  main+0x65
C  [java+0x1a04]  start+0x34


---------------  P R O C E S S  ---------------

VM state:at safepoint (normal execution)

VM Mutex/Monitor currently owned by a thread:  ([mutex/lock_event])
[0x00007fe1cb702c60] Threads_lock - owner thread: 0x00007fe1cd019800

Heap:
 PSYoungGen      total 38400K, used 13770K [0x0000000170580000, 0x0000000173000000, 0x000000019b000000)
  eden space 33280K, 41% used [0x0000000170580000,0x00000001712f2a00,0x0000000172600000)
  from space 5120K, 0% used [0x0000000172b00000,0x0000000172b00000,0x0000000173000000)
  to   space 5120K, 0% used [0x0000000172600000,0x0000000172600000,0x0000000172b00000)
 ParOldGen       total 87552K, used 0K [0x000000011b000000, 0x0000000120580000, 0x0000000170580000)
  object space 87552K, 0% used [0x000000011b000000,0x000000011b000000,0x0000000120580000)
 Metaspace       used 7686K, capacity 8004K, committed 8320K, reserved 1056768K
  class space    used 908K, capacity 1029K, committed 1152K, reserved 1048576K

Card table byte_map: [0x000000019b000000,0x000000019b401000] byte_map_base: 0x000000019a728000

Marking Bits: (ParMarkBitMap*) 0x000000010b2c27a0
 Begin Bits: [0x000000019bab8000, 0x000000019dab8000)
 End Bits:   [0x000000019dab8000, 0x000000019fab8000)

Polling page: 0x000000010a1fe000

CodeCache: size=245760Kb used=2236Kb max_used=2241Kb free=243523Kb
 bounds [0x000000010b9bd000, 0x000000010bc2d000, 0x000000011a9bd000]
 total_blobs=915 nmethods=524 adapters=305
 compilation: enabled

Compilation events (10 events):
Event: 0.475 Thread 0x00007fe1cc009000  521       3       java.nio.Buffer::position (43 bytes)
Event: 0.476 Thread 0x00007fe1cc009000 nmethod 521 0x000000010bbe9e90 code [0x000000010bbea000, 0x000000010bbea2c8]
Event: 0.476 Thread 0x00007fe1cc009000  523       3       java.nio.CharBuffer::arrayOffset (35 bytes)
Event: 0.476 Thread 0x00007fe1cc009000 nmethod 523 0x000000010bbea390 code [0x000000010bbea520, 0x000000010bbea838]
Event: 0.476 Thread 0x00007fe1cc818000  522       4       java.lang.AbstractStringBuilder::append (50 bytes)
Event: 0.477 Thread 0x00007fe1cc00b000 nmethod 520 0x000000010bbed710 code [0x000000010bbed860, 0x000000010bbed9d8]
Event: 0.477 Thread 0x00007fe1cc009000  524       3       java.lang.StringBuilder::append (8 bytes)
Event: 0.477 Thread 0x00007fe1cc009000 nmethod 524 0x000000010bbed390 code [0x000000010bbed500, 0x000000010bbed688]
Event: 0.477 Thread 0x00007fe1cc009000  525       3       java.lang.AbstractStringBuilder::append (62 bytes)
Event: 0.478 Thread 0x00007fe1cc009000 nmethod 525 0x000000010bbec710 code [0x000000010bbec8e0, 0x000000010bbecfc8]

GC Heap History (0 events):
No events

Deoptimization events (1 events):
Event: 0.443 Thread 0x00007fe1cc1c1000 Uncommon trap: reason=unstable_if action=reinterpret pc=0x000000010bb71974 method=java.lang.String.replace(CC)Ljava/lang/String; @ 2

Internal exceptions (10 events):
Event: 0.095 Thread 0x00007fe1cd002800 Exception <a 'java/security/PrivilegedActionException'> (0x00000001707b49f0) thrown at [/Users/java_re/workspace/8-2-build-macosx-x86_64/jdk8u51/3951/hotspot/src/share/vm/prims/jvm.cpp, line 1382]
Event: 0.095 Thread 0x00007fe1cd002800 Exception <a 'java/security/PrivilegedActionException'> (0x00000001707b4ba8) thrown at [/Users/java_re/workspace/8-2-build-macosx-x86_64/jdk8u51/3951/hotspot/src/share/vm/prims/jvm.cpp, line 1382]
Event: 0.139 Thread 0x00007fe1cd002800 Exception <a 'java/lang/NoSuchFieldError': method resolution failed> (0x00000001708c4710) thrown at [/Users/java_re/workspace/8-2-build-macosx-x86_64/jdk8u51/3951/hotspot/src/share/vm/prims/methodHandles.cpp, line 1125]
Event: 0.141 Thread 0x00007fe1cd002800 Exception <a 'java/lang/NoSuchFieldError': method resolution failed> (0x00000001708d2de0) thrown at [/Users/java_re/workspace/8-2-build-macosx-x86_64/jdk8u51/3951/hotspot/src/share/vm/prims/methodHandles.cpp, line 1125]
Event: 0.157 Thread 0x00007fe1cd002800 Exception <a 'java/security/PrivilegedActionException'> (0x000000017095f2c0) thrown at [/Users/java_re/workspace/8-2-build-macosx-x86_64/jdk8u51/3951/hotspot/src/share/vm/prims/jvm.cpp, line 1382]
Event: 0.157 Thread 0x00007fe1cd002800 Exception <a 'java/security/PrivilegedActionException'> (0x000000017095f478) thrown at [/Users/java_re/workspace/8-2-build-macosx-x86_64/jdk8u51/3951/hotspot/src/share/vm/prims/jvm.cpp, line 1382]
Event: 0.157 Thread 0x00007fe1cd002800 Exception <a 'java/security/PrivilegedActionException'> (0x0000000170962668) thrown at [/Users/java_re/workspace/8-2-build-macosx-x86_64/jdk8u51/3951/hotspot/src/share/vm/prims/jvm.cpp, line 1382]
Event: 0.157 Thread 0x00007fe1cd002800 Exception <a 'java/security/PrivilegedActionException'> (0x0000000170962820) thrown at [/Users/java_re/workspace/8-2-build-macosx-x86_64/jdk8u51/3951/hotspot/src/share/vm/prims/jvm.cpp, line 1382]
Event: 0.157 Thread 0x00007fe1cd002800 Exception <a 'java/lang/NullPointerException'> (0x0000000170964140) thrown at [/Users/java_re/workspace/8-2-build-macosx-x86_64/jdk8u51/3951/hotspot/src/share/vm/interpreter/linkResolver.cpp, line 1178]
Event: 0.474 Thread 0x00007fe1cd002800 Exception <a 'java/lang/reflect/InvocationTargetException'> (0x0000000170c56dd0) thrown at [/Users/java_re/workspace/8-2-build-macosx-x86_64/jdk8u51/3951/hotspot/src/share/vm/runtime/reflection.cpp, line 1080]

Events (10 events):
Event: 0.479 loading class java/util/Formatter$Flags done
Event: 0.479 loading class java/util/Formatter$Conversion
Event: 0.479 loading class java/util/Formatter$Conversion done
Event: 0.479 loading class java/util/Formattable
Event: 0.479 loading class java/util/Formattable done
Event: 0.480 loading class java/util/IdentityHashMap$KeyIterator
Event: 0.480 loading class java/util/IdentityHashMap$IdentityHashMapIterator
Event: 0.480 loading class java/util/IdentityHashMap$IdentityHashMapIterator done
Event: 0.480 loading class java/util/IdentityHashMap$KeyIterator done
Event: 0.480 Executing VM operation: Exit


Dynamic libraries:
0x000000000390a000 	/System/Library/Frameworks/Cocoa.framework/Versions/A/Cocoa
0x000000000390a000 	/System/Library/Frameworks/Security.framework/Versions/A/Security
0x000000000390a000 	/System/Library/Frameworks/ApplicationServices.framework/Versions/A/ApplicationServices
0x000000000390a000 	/usr/lib/libz.1.dylib
0x000000000390a000 	/usr/lib/libSystem.B.dylib
0x000000000390a000 	/usr/lib/libobjc.A.dylib
0x000000000390a000 	/System/Library/Frameworks/CoreFoundation.framework/Versions/A/CoreFoundation
0x000000000390a000 	/System/Library/Frameworks/Foundation.framework/Versions/C/Foundation
0x000000000390a000 	/System/Library/Frameworks/AppKit.framework/Versions/C/AppKit
0x000000000390a000 	/System/Library/Frameworks/CoreData.framework/Versions/A/CoreData
0x000000000390a000 	/System/Library/PrivateFrameworks/RemoteViewServices.framework/Versions/A/RemoteViewServices
0x000000000390a000 	/System/Library/PrivateFrameworks/UIFoundation.framework/Versions/A/UIFoundation
0x000000000390a000 	/System/Library/Frameworks/IOSurface.framework/Versions/A/IOSurface
0x000000000390a000 	/System/Library/Frameworks/AudioToolbox.framework/Versions/A/AudioToolbox
0x000000000390a000 	/System/Library/Frameworks/AudioUnit.framework/Versions/A/AudioUnit
0x000000000390a000 	/System/Library/PrivateFrameworks/DataDetectorsCore.framework/Versions/A/DataDetectorsCore
0x000000000390a000 	/System/Library/PrivateFrameworks/DesktopServicesPriv.framework/Versions/A/DesktopServicesPriv
0x000000000390a000 	/System/Library/Frameworks/Carbon.framework/Versions/A/Frameworks/HIToolbox.framework/Versions/A/HIToolbox
0x000000000390a000 	/System/Library/Frameworks/QuartzCore.framework/Versions/A/QuartzCore
0x000000000390a000 	/System/Library/Frameworks/Carbon.framework/Versions/A/Frameworks/SpeechRecognition.framework/Versions/A/SpeechRecognition
0x000000000390a000 	/usr/lib/libauto.dylib
0x000000000390a000 	/usr/lib/libicucore.A.dylib
0x000000000390a000 	/usr/lib/libxml2.2.dylib
0x000000000390a000 	/System/Library/PrivateFrameworks/CoreUI.framework/Versions/A/CoreUI
0x000000000390a000 	/System/Library/Frameworks/CoreAudio.framework/Versions/A/CoreAudio
0x000000000390a000 	/System/Library/Frameworks/DiskArbitration.framework/Versions/A/DiskArbitration
0x000000000390a000 	/usr/lib/liblangid.dylib
0x000000000390a000 	/System/Library/PrivateFrameworks/MultitouchSupport.framework/Versions/A/MultitouchSupport
0x000000000390a000 	/System/Library/Frameworks/IOKit.framework/Versions/A/IOKit
0x000000000390a000 	/usr/lib/libDiagnosticMessagesClient.dylib
0x000000000390a000 	/System/Library/Frameworks/CoreServices.framework/Versions/A/CoreServices
0x000000000390a000 	/System/Library/PrivateFrameworks/PerformanceAnalysis.framework/Versions/A/PerformanceAnalysis
0x000000000390a000 	/System/Library/PrivateFrameworks/GenerationalStorage.framework/Versions/A/GenerationalStorage
0x000000000390a000 	/System/Library/Frameworks/OpenGL.framework/Versions/A/OpenGL
0x000000000390a000 	/System/Library/PrivateFrameworks/Sharing.framework/Versions/A/Sharing
0x000000000390a000 	/System/Library/Frameworks/CoreGraphics.framework/Versions/A/CoreGraphics
0x000000000390a000 	/System/Library/Frameworks/CoreText.framework/Versions/A/CoreText
0x000000000390a000 	/System/Library/Frameworks/ImageIO.framework/Versions/A/ImageIO
0x000000000390a000 	/usr/lib/libextension.dylib
0x000000000390a000 	/System/Library/PrivateFrameworks/Backup.framework/Versions/A/Backup
0x000000000390a000 	/usr/lib/libarchive.2.dylib
0x000000000390a000 	/System/Library/Frameworks/CFNetwork.framework/Versions/A/CFNetwork
0x000000000390a000 	/System/Library/Frameworks/SystemConfiguration.framework/Versions/A/SystemConfiguration
0x000000000390a000 	/usr/lib/libCRFSuite.dylib
0x000000000390a000 	/usr/lib/libc++.1.dylib
0x000000000390a000 	/usr/lib/libc++abi.dylib
0x000000000390a000 	/usr/lib/system/libcache.dylib
0x000000000390a000 	/usr/lib/system/libcommonCrypto.dylib
0x000000000390a000 	/usr/lib/system/libcompiler_rt.dylib
0x000000000390a000 	/usr/lib/system/libcopyfile.dylib
0x000000000390a000 	/usr/lib/system/libcorecrypto.dylib
0x000000000390a000 	/usr/lib/system/libdispatch.dylib
0x000000000390a000 	/usr/lib/system/libdyld.dylib
0x000000000390a000 	/usr/lib/system/libkeymgr.dylib
0x000000000390a000 	/usr/lib/system/liblaunch.dylib
0x000000000390a000 	/usr/lib/system/libmacho.dylib
0x000000000390a000 	/usr/lib/system/libquarantine.dylib
0x000000000390a000 	/usr/lib/system/libremovefile.dylib
0x000000000390a000 	/usr/lib/system/libsystem_asl.dylib
0x000000000390a000 	/usr/lib/system/libsystem_blocks.dylib
0x000000000390a000 	/usr/lib/system/libsystem_c.dylib
0x000000000390a000 	/usr/lib/system/libsystem_configuration.dylib
0x000000000390a000 	/usr/lib/system/libsystem_coreservices.dylib
0x000000000390a000 	/usr/lib/system/libsystem_coretls.dylib
0x000000000390a000 	/usr/lib/system/libsystem_dnssd.dylib
0x000000000390a000 	/usr/lib/system/libsystem_info.dylib
0x000000000390a000 	/usr/lib/system/libsystem_kernel.dylib
0x000000000390a000 	/usr/lib/system/libsystem_m.dylib
0x000000000390a000 	/usr/lib/system/libsystem_malloc.dylib
0x000000000390a000 	/usr/lib/system/libsystem_network.dylib
0x000000000390a000 	/usr/lib/system/libsystem_networkextension.dylib
0x000000000390a000 	/usr/lib/system/libsystem_notify.dylib
0x000000000390a000 	/usr/lib/system/libsystem_platform.dylib
0x000000000390a000 	/usr/lib/system/libsystem_pthread.dylib
0x000000000390a000 	/usr/lib/system/libsystem_sandbox.dylib
0x000000000390a000 	/usr/lib/system/libsystem_secinit.dylib
0x000000000390a000 	/usr/lib/system/libsystem_stats.dylib
0x000000000390a000 	/usr/lib/system/libsystem_trace.dylib
0x000000000390a000 	/usr/lib/system/libunc.dylib
0x000000000390a000 	/usr/lib/system/libunwind.dylib
0x000000000390a000 	/usr/lib/system/libxpc.dylib
0x000000000390a000 	/usr/lib/libbz2.1.0.dylib
0x000000000390a000 	/usr/lib/liblzma.5.dylib
0x000000000390a000 	/usr/lib/libbsm.0.dylib
0x000000000390a000 	/usr/lib/libsqlite3.dylib
0x000000000390a000 	/usr/lib/system/libkxld.dylib
0x000000000390a000 	/usr/lib/libxar.1.dylib
0x000000000390a000 	/usr/lib/libpam.2.dylib
0x000000000390a000 	/usr/lib/libOpenScriptingUtil.dylib
0x000000000390a000 	/System/Library/Frameworks/CoreServices.framework/Versions/A/Frameworks/FSEvents.framework/Versions/A/FSEvents
0x000000000390a000 	/System/Library/Frameworks/CoreServices.framework/Versions/A/Frameworks/CarbonCore.framework/Versions/A/CarbonCore
0x000000000390a000 	/System/Library/Frameworks/CoreServices.framework/Versions/A/Frameworks/Metadata.framework/Versions/A/Metadata
0x000000000390a000 	/System/Library/Frameworks/CoreServices.framework/Versions/A/Frameworks/OSServices.framework/Versions/A/OSServices
0x000000000390a000 	/System/Library/Frameworks/CoreServices.framework/Versions/A/Frameworks/SearchKit.framework/Versions/A/SearchKit
0x000000000390a000 	/System/Library/Frameworks/CoreServices.framework/Versions/A/Frameworks/AE.framework/Versions/A/AE
0x000000000390a000 	/System/Library/Frameworks/CoreServices.framework/Versions/A/Frameworks/LaunchServices.framework/Versions/A/LaunchServices
0x000000000390a000 	/System/Library/Frameworks/CoreServices.framework/Versions/A/Frameworks/DictionaryServices.framework/Versions/A/DictionaryServices
0x000000000390a000 	/System/Library/Frameworks/NetFS.framework/Versions/A/NetFS
0x000000000390a000 	/System/Library/PrivateFrameworks/NetAuth.framework/Versions/A/NetAuth
0x000000000390a000 	/System/Library/PrivateFrameworks/login.framework/Versions/A/Frameworks/loginsupport.framework/Versions/A/loginsupport
0x000000000390a000 	/System/Library/PrivateFrameworks/TCC.framework/Versions/A/TCC
0x000000000390a000 	/usr/lib/libmecabra.dylib
0x000000000390a000 	/System/Library/Frameworks/ApplicationServices.framework/Versions/A/Frameworks/ATS.framework/Versions/A/ATS
0x000000000390a000 	/System/Library/Frameworks/ApplicationServices.framework/Versions/A/Frameworks/ColorSync.framework/Versions/A/ColorSync
0x000000000390a000 	/System/Library/Frameworks/ApplicationServices.framework/Versions/A/Frameworks/HIServices.framework/Versions/A/HIServices
0x000000000390a000 	/System/Library/Frameworks/ApplicationServices.framework/Versions/A/Frameworks/LangAnalysis.framework/Versions/A/LangAnalysis
0x000000000390a000 	/System/Library/Frameworks/ApplicationServices.framework/Versions/A/Frameworks/PrintCore.framework/Versions/A/PrintCore
0x000000000390a000 	/System/Library/Frameworks/ApplicationServices.framework/Versions/A/Frameworks/QD.framework/Versions/A/QD
0x000000000390a000 	/System/Library/Frameworks/ApplicationServices.framework/Versions/A/Frameworks/SpeechSynthesis.framework/Versions/A/SpeechSynthesis
0x000000000390a000 	/System/Library/Frameworks/Accelerate.framework/Versions/A/Accelerate
0x000000000390a000 	/System/Library/Frameworks/Accelerate.framework/Versions/A/Frameworks/vImage.framework/Versions/A/vImage
0x000000000390a000 	/System/Library/Frameworks/Accelerate.framework/Versions/A/Frameworks/vecLib.framework/Versions/A/vecLib
0x000000000390a000 	/System/Library/Frameworks/Accelerate.framework/Versions/A/Frameworks/vecLib.framework/Versions/A/libvDSP.dylib
0x000000000390a000 	/System/Library/Frameworks/Accelerate.framework/Versions/A/Frameworks/vecLib.framework/Versions/A/libvMisc.dylib
0x000000000390a000 	/System/Library/Frameworks/Accelerate.framework/Versions/A/Frameworks/vecLib.framework/Versions/A/libLAPACK.dylib
0x000000000390a000 	/System/Library/Frameworks/Accelerate.framework/Versions/A/Frameworks/vecLib.framework/Versions/A/libBLAS.dylib
0x000000000390a000 	/System/Library/Frameworks/Accelerate.framework/Versions/A/Frameworks/vecLib.framework/Versions/A/libLinearAlgebra.dylib
0x000000000390a000 	/System/Library/Frameworks/ApplicationServices.framework/Versions/A/Frameworks/ATS.framework/Versions/A/Resources/libFontParser.dylib
0x000000000390a000 	/System/Library/Frameworks/ApplicationServices.framework/Versions/A/Frameworks/ATS.framework/Versions/A/Resources/libFontRegistry.dylib
0x000000000390a000 	/System/Library/PrivateFrameworks/AppleVPA.framework/Versions/A/AppleVPA
0x000000000390a000 	/System/Library/PrivateFrameworks/AppleJPEG.framework/Versions/A/AppleJPEG
0x000000000390a000 	/System/Library/Frameworks/ImageIO.framework/Versions/A/Resources/libJPEG.dylib
0x000000000390a000 	/System/Library/Frameworks/ImageIO.framework/Versions/A/Resources/libTIFF.dylib
0x000000000390a000 	/System/Library/Frameworks/ImageIO.framework/Versions/A/Resources/libPng.dylib
0x000000000390a000 	/System/Library/Frameworks/ImageIO.framework/Versions/A/Resources/libGIF.dylib
0x000000000390a000 	/System/Library/Frameworks/ImageIO.framework/Versions/A/Resources/libJP2.dylib
0x000000000390a000 	/System/Library/Frameworks/ImageIO.framework/Versions/A/Resources/libRadiance.dylib
0x000000000390a000 	/System/Library/Frameworks/CoreVideo.framework/Versions/A/CoreVideo
0x000000000390a000 	/System/Library/Frameworks/OpenGL.framework/Versions/A/Libraries/libGLU.dylib
0x000000000390a000 	/System/Library/Frameworks/OpenGL.framework/Versions/A/Libraries/libGFXShared.dylib
0x000000000390a000 	/System/Library/Frameworks/OpenGL.framework/Versions/A/Libraries/libGL.dylib
0x000000000390a000 	/System/Library/Frameworks/OpenGL.framework/Versions/A/Libraries/libGLImage.dylib
0x000000000390a000 	/System/Library/Frameworks/OpenGL.framework/Versions/A/Libraries/libCVMSPluginSupport.dylib
0x000000000390a000 	/System/Library/Frameworks/OpenGL.framework/Versions/A/Libraries/libCoreVMClient.dylib
0x000000000390a000 	/usr/lib/libcups.2.dylib
0x000000000390a000 	/System/Library/Frameworks/Kerberos.framework/Versions/A/Kerberos
0x000000000390a000 	/System/Library/Frameworks/GSS.framework/Versions/A/GSS
0x000000000390a000 	/usr/lib/libresolv.9.dylib
0x000000000390a000 	/usr/lib/libiconv.2.dylib
0x000000000390a000 	/System/Library/PrivateFrameworks/Heimdal.framework/Versions/A/Heimdal
0x000000000390a000 	/usr/lib/libheimdal-asn1.dylib
0x000000000390a000 	/System/Library/Frameworks/OpenDirectory.framework/Versions/A/OpenDirectory
0x000000000390a000 	/System/Library/PrivateFrameworks/CommonAuth.framework/Versions/A/CommonAuth
0x000000000390a000 	/System/Library/Frameworks/OpenDirectory.framework/Versions/A/Frameworks/CFOpenDirectory.framework/Versions/A/CFOpenDirectory
0x000000000390a000 	/System/Library/Frameworks/SecurityFoundation.framework/Versions/A/SecurityFoundation
0x000000000390a000 	/System/Library/PrivateFrameworks/LanguageModeling.framework/Versions/A/LanguageModeling
0x000000000390a000 	/usr/lib/libcmph.dylib
0x000000000390a000 	/System/Library/Frameworks/ServiceManagement.framework/Versions/A/ServiceManagement
0x000000000390a000 	/usr/lib/libxslt.1.dylib
0x000000000390a000 	/System/Library/Frameworks/Carbon.framework/Versions/A/Frameworks/Ink.framework/Versions/A/Ink
0x000000000390a000 	/System/Library/Frameworks/QuartzCore.framework/Versions/A/Frameworks/CoreImage.framework/Versions/A/CoreImage
0x000000000390a000 	/System/Library/PrivateFrameworks/CrashReporterSupport.framework/Versions/A/CrashReporterSupport
0x000000000390a000 	/System/Library/Frameworks/OpenCL.framework/Versions/A/OpenCL
0x000000000390a000 	/System/Library/PrivateFrameworks/FaceCore.framework/Versions/A/FaceCore
0x000000000390a000 	/System/Library/PrivateFrameworks/Ubiquity.framework/Versions/A/Ubiquity
0x000000000390a000 	/System/Library/PrivateFrameworks/IconServices.framework/Versions/A/IconServices
0x000000000390a000 	/System/Library/PrivateFrameworks/ChunkingLibrary.framework/Versions/A/ChunkingLibrary
0x000000000390a000 	/System/Library/PrivateFrameworks/Apple80211.framework/Versions/A/Apple80211
0x000000000390a000 	/System/Library/Frameworks/CoreWLAN.framework/Versions/A/CoreWLAN
0x000000000390a000 	/System/Library/Frameworks/IOBluetooth.framework/Versions/A/IOBluetooth
0x000000000390a000 	/System/Library/PrivateFrameworks/CoreWiFi.framework/Versions/A/CoreWiFi
0x000000000390a000 	/System/Library/Frameworks/CoreBluetooth.framework/Versions/A/CoreBluetooth
0x000000000390a000 	/System/Library/PrivateFrameworks/DebugSymbols.framework/Versions/A/DebugSymbols
0x000000000390a000 	/System/Library/PrivateFrameworks/CoreSymbolication.framework/Versions/A/CoreSymbolication
0x000000000390a000 	/System/Library/PrivateFrameworks/Symbolication.framework/Versions/A/Symbolication
0x000000000390a000 	/System/Library/PrivateFrameworks/SpeechRecognitionCore.framework/Versions/A/SpeechRecognitionCore
0x000000010aa00000 	/Library/Java/JavaVirtualMachines/jdk1.8.0_51.jdk/Contents/Home/jre/lib/server/libjvm.dylib
0x000000000390a000 	/usr/lib/libstdc++.6.dylib
0x000000010b969000 	/Library/Java/JavaVirtualMachines/jdk1.8.0_51.jdk/Contents/Home/jre/lib/libverify.dylib
0x000000010b977000 	/Library/Java/JavaVirtualMachines/jdk1.8.0_51.jdk/Contents/Home/jre/lib/libjava.dylib
0x000000010b9b4000 	/Library/Java/JavaVirtualMachines/jdk1.8.0_51.jdk/Contents/Home/jre/lib/libzip.dylib
0x00000001e1c48000 	/System/Library/Frameworks/JavaVM.framework/Frameworks/JavaRuntimeSupport.framework/JavaRuntimeSupport
0x00000001e1c63000 	/System/Library/Frameworks/JavaVM.framework/Versions/A/Frameworks/JavaNativeFoundation.framework/Versions/A/JavaNativeFoundation
0x000000011adee000 	/System/Library/Frameworks/JavaVM.framework/Versions/A/JavaVM
0x000000000390a000 	/System/Library/Frameworks/Carbon.framework/Versions/A/Carbon
0x00000001e1c78000 	/System/Library/PrivateFrameworks/JavaLaunching.framework/Versions/A/JavaLaunching
0x000000000390a000 	/System/Library/Frameworks/Carbon.framework/Versions/A/Frameworks/CommonPanels.framework/Versions/A/CommonPanels
0x000000000390a000 	/System/Library/Frameworks/Carbon.framework/Versions/A/Frameworks/Help.framework/Versions/A/Help
0x000000000390a000 	/System/Library/Frameworks/Carbon.framework/Versions/A/Frameworks/ImageCapture.framework/Versions/A/ImageCapture
0x000000000390a000 	/System/Library/Frameworks/Carbon.framework/Versions/A/Frameworks/OpenScripting.framework/Versions/A/OpenScripting
0x000000000390a000 	/System/Library/Frameworks/Carbon.framework/Versions/A/Frameworks/Print.framework/Versions/A/Print
0x000000000390a000 	/System/Library/Frameworks/Carbon.framework/Versions/A/Frameworks/SecurityHI.framework/Versions/A/SecurityHI
0x00000001e3d42000 	/Library/Java/JavaVirtualMachines/jdk1.8.0_51.jdk/Contents/Home/jre/lib/libprism_es2.dylib
0x000000000390a000 	/System/Library/Frameworks/OpenGL.framework/Versions/A/Resources/GLEngine.bundle/GLEngine
0x000000000390a000 	/System/Library/Frameworks/OpenGL.framework/Versions/A/Libraries/libGLProgrammability.dylib
0x00000001e3dc4000 	/System/Library/Extensions/AppleIntelBDWGraphicsGLDriver.bundle/Contents/MacOS/AppleIntelBDWGraphicsGLDriver
0x000000000390a000 	/System/Library/PrivateFrameworks/IOAccelerator.framework/Versions/A/IOAccelerator
0x000000000390a000 	/System/Library/PrivateFrameworks/GPUSupport.framework/Versions/A/Libraries/libGPUSupportMercury.dylib
0x000000000390a000 	/System/Library/Frameworks/OpenGL.framework/Versions/A/Resources/GLRendererFloat.bundle/GLRendererFloat
0x000000000390a000 	/System/Library/Frameworks/OpenCL.framework/Versions/A/Libraries/libcldcpuengine.dylib
0x000000000390a000 	/System/Library/PrivateFrameworks/DiskImages.framework/Versions/A/DiskImages
0x000000000390a000 	/System/Library/Frameworks/DiscRecording.framework/Versions/A/DiscRecording
0x000000000390a000 	/usr/lib/libcsfde.dylib
0x000000000390a000 	/usr/lib/libcurl.4.dylib
0x000000000390a000 	/System/Library/PrivateFrameworks/MediaKit.framework/Versions/A/MediaKit
0x000000000390a000 	/System/Library/PrivateFrameworks/ProtectedCloudStorage.framework/Versions/A/ProtectedCloudStorage
0x000000000390a000 	/usr/lib/libCoreStorage.dylib
0x000000000390a000 	/System/Library/PrivateFrameworks/EFILogin.framework/Versions/A/EFILogin
0x000000000390a000 	/usr/lib/libutil.dylib
0x000000000390a000 	/System/Library/PrivateFrameworks/FindMyDevice.framework/Versions/A/FindMyDevice
0x000000000390a000 	/System/Library/Frameworks/LDAP.framework/Versions/A/LDAP
0x000000000390a000 	/usr/lib/libsasl2.2.dylib
0x000000000390a000 	/System/Library/PrivateFrameworks/CoreDaemon.framework/Versions/B/CoreDaemon
0x000000000390a000 	/usr/lib/libcrypto.0.9.8.dylib
0x000000000390a000 	/System/Library/PrivateFrameworks/AppleSRP.framework/Versions/A/AppleSRP
0x000000000390a000 	/System/Library/PrivateFrameworks/TrustEvaluationAgent.framework/Versions/A/TrustEvaluationAgent
0x00000001e48a7000 	/Library/Java/JavaVirtualMachines/jdk1.8.0_51.jdk/Contents/Home/jre/lib/libglass.dylib
0x000000000390a000 	/System/Library/PrivateFrameworks/CoreServicesInternal.framework/Versions/A/CoreServicesInternal
0x000000000390a000 	/System/Library/PrivateFrameworks/CloudDocs.framework/Versions/A/CloudDocs
0x000000000390a000 	/System/Library/PrivateFrameworks/CoreDuet.framework/Versions/A/CoreDuet
0x000000000390a000 	/System/Library/Frameworks/CloudKit.framework/Versions/A/CloudKit
0x000000000390a000 	/System/Library/PrivateFrameworks/ProtocolBuffer.framework/Versions/A/ProtocolBuffer
0x000000000390a000 	/System/Library/PrivateFrameworks/CoreDuetDaemonProtocol.framework/Versions/A/CoreDuetDaemonProtocol
0x000000000390a000 	/System/Library/PrivateFrameworks/CoreDuetDebugLogging.framework/Versions/A/CoreDuetDebugLogging
0x000000000390a000 	/System/Library/PrivateFrameworks/MMCS.framework/Versions/A/MMCS
0x000000000390a000 	/System/Library/Frameworks/CoreLocation.framework/Versions/A/CoreLocation
0x000000000390a000 	/System/Library/PrivateFrameworks/GeoServices.framework/Versions/A/GeoServices
0x000000000390a000 	/System/Library/Frameworks/CoreGraphics.framework/Versions/A/Resources/libCGCMS.A.dylib
0x000000000390a000 	/System/Library/CoreServices/RawCamera.bundle/Contents/MacOS/RawCamera
0x000000000390a000 	/System/Library/Frameworks/CoreGraphics.framework/Versions/A/Resources/libRIP.A.dylib
0x000000000390a000 	/System/Library/PrivateFrameworks/FamilyControls.framework/Versions/A/FamilyControls
0x000000000390a000 	/System/Library/PrivateFrameworks/CommerceKit.framework/Versions/A/Frameworks/CommerceCore.framework/Versions/A/CommerceCore
0x000000000390a000 	/System/Library/PrivateFrameworks/SystemAdministration.framework/Versions/A/SystemAdministration
0x000000000390a000 	/System/Library/PrivateFrameworks/AppContainer.framework/Versions/A/AppContainer
0x000000000390a000 	/System/Library/PrivateFrameworks/SecCodeWrapper.framework/Versions/A/SecCodeWrapper
0x000000000390a000 	/System/Library/Frameworks/DirectoryService.framework/Versions/A/DirectoryService
0x000000000390a000 	/System/Library/PrivateFrameworks/LoginUIKit.framework/Versions/A/Frameworks/LoginUICore.framework/Versions/A/LoginUICore
0x000000000390a000 	/usr/lib/libodfde.dylib

VM Arguments:
jvm_args: -Dfile.encoding=UTF-8 
java_command: edu.mum.lms.view.Main
java_class_path (initial): /Applications/XAMPP/xamppfiles/htdocs/lms/librarymanagement/bin:/Applications/XAMPP/xamppfiles/htdocs/lms/librarymanagement/lib/log4j-1.2.17.jar:/Applications/XAMPP/xamppfiles/htdocs/lms/librarymanagement/lib/mysql-connector-java-5.1.21-bin.jar
Launcher Type: SUN_STANDARD

Environment Variables:
PATH=/usr/bin:/bin:/usr/sbin:/sbin
SHELL=/bin/bash

Signal Handlers:
SIGSEGV: [libjvm.dylib+0x58ef35], sa_mask[0]=11111111011111110111111111111111, sa_flags=SA_ONSTACK|SA_RESTART|SA_SIGINFO
SIGBUS: [libjvm.dylib+0x58ef35], sa_mask[0]=11111111011111110111111111111111, sa_flags=SA_RESTART|SA_SIGINFO
SIGFPE: [libjvm.dylib+0x46c028], sa_mask[0]=11111111011111110111111111111111, sa_flags=SA_RESTART|SA_SIGINFO
SIGPIPE: [libjvm.dylib+0x46c028], sa_mask[0]=11111111011111110111111111111111, sa_flags=SA_RESTART|SA_SIGINFO
SIGXFSZ: [libjvm.dylib+0x46c028], sa_mask[0]=11111111011111110111111111111111, sa_flags=SA_RESTART|SA_SIGINFO
SIGILL: [libjvm.dylib+0x46c028], sa_mask[0]=11111111011111110111111111111111, sa_flags=SA_RESTART|SA_SIGINFO
SIGUSR1: SIG_DFL, sa_mask[0]=00000000000000000000000000000000, sa_flags=none
SIGUSR2: [libjvm.dylib+0x46bb46], sa_mask[0]=00100000000000000000000000000000, sa_flags=SA_RESTART|SA_SIGINFO
SIGHUP: [libjvm.dylib+0x46a119], sa_mask[0]=11111111011111110111111111111111, sa_flags=SA_RESTART|SA_SIGINFO
SIGINT: [libjvm.dylib+0x46a119], sa_mask[0]=11111111011111110111111111111111, sa_flags=SA_RESTART|SA_SIGINFO
SIGTERM: [libjvm.dylib+0x46a119], sa_mask[0]=11111111011111110111111111111111, sa_flags=SA_RESTART|SA_SIGINFO
SIGQUIT: [libjvm.dylib+0x46a119], sa_mask[0]=11111111011111110111111111111111, sa_flags=SA_RESTART|SA_SIGINFO


---------------  S Y S T E M  ---------------

OS:Bsduname:Darwin 14.5.0 Darwin Kernel Version 14.5.0: Wed Jul 29 02:26:53 PDT 2015; root:xnu-2782.40.9~1/RELEASE_X86_64 x86_64
rlimit: STACK 8192k, CORE 0k, NPROC 709, NOFILE 10240, AS infinity
load average:2.36 2.33 2.21

CPU:total 4 (2 cores per cpu, 2 threads per core) family 6 model 61 stepping 4, cmov, cx8, fxsr, mmx, sse, sse2, sse3, ssse3, sse4.1, sse4.2, popcnt, avx, avx2, aes, clmul, erms, 3dnowpref, lzcnt, ht, tsc, tscinvbit, bmi1, bmi2, adx

Memory: 4k page, physical 8388608k(67548k free)

/proc/meminfo:


vm_info: Java HotSpot(TM) 64-Bit Server VM (25.51-b03) for bsd-amd64 JRE (1.8.0_51-b16), built on Jun  8 2015 18:01:11 by "java_re" with gcc 4.2.1 (Based on Apple Inc. build 5658) (LLVM build 2336.11.00)

time: Thu Sep 10 15:58:25 2015
elapsed time: 0 seconds (0d 0h 0m 0s)

