#
# A fatal error has been detected by the Java Runtime Environment:
#
#  SIGSEGV (0xb) at pc=0x0000000129366561, pid=2132, tid=1811
#
# JRE version: Java(TM) SE Runtime Environment (8.0_51-b16) (build 1.8.0_51-b16)
# Java VM: Java HotSpot(TM) 64-Bit Server VM (25.51-b03 mixed mode bsd-amd64 compressed oops)
# Problematic frame:
# C  [libglass.dylib+0x15561]  GlassScreenDidChangeScreenParameters+0x21
#
# Failed to write core dump. Core dumps have been disabled. To enable core dumping, try "ulimit -c unlimited" before starting Java again
#
# If you would like to submit a bug report, please visit:
#   http://bugreport.java.com/bugreport/crash.jsp
#

---------------  T H R E A D  ---------------

Current thread is native thread

siginfo: si_signo: 11 (SIGSEGV), si_code: 1 (SEGV_MAPERR), si_addr: 0x0000000000000000

Registers:
RAX=0x0000000129398ac8, RBX=0x0000000000000000, RCX=0xbb00c8c7d0c80815, RDX=0x00007fff749361f8
RSP=0x00007fff50f6e250, RBP=0x00007fff50f6e260, RSI=0x00007fa889c0ff30, RDI=0x0000000000000000
R8 =0x00007fff50f6e100, R9 =0x00007fff7541c300, R10=0x0000000000000000, R11=0x0000000000000246
R12=0x00007fa889c1d630, R13=0x00000000000f426a, R14=0x00007fa889c8d010, R15=0x00007fff50f6e3a0
RIP=0x0000000129366561, EFLAGS=0x0000000000010246, ERR=0x0000000000000004
  TRAPNO=0x000000000000000e

Top of Stack: (sp=0x00007fff50f6e250)
0x00007fff50f6e250:   00007fff50f6e430 00007fa889c8d010
0x00007fff50f6e260:   00007fff50f6e270 00007fff8ea4845c
0x00007fff50f6e270:   00007fff50f6e5d0 00007fff8e938634
0x00007fff50f6e280:   00007fff50f6e2d0 0000000000001400
0x00007fff50f6e290:   00007fff75408ed0 00007fa889d0e390
0x00007fff50f6e2a0:   0000000000001002 0000000000000918
0x00007fff50f6e2b0:   00007fa889d0e390 00007fa889c8d010
0x00007fff50f6e2c0:   0000000000000000 00007fff50f6e3a0
0x00007fff50f6e2d0:   0000000000000000 00007fa889c8cfd0
0x00007fff50f6e2e0:   00007fff50f6e420 0000000000000061
0x00007fff50f6e2f0:   00000000000f4313 00007fa889c63010
0x00007fff50f6e300:   00007fa889c683d0 00007fa889c1d630
0x00007fff50f6e310:   0000000000000001 00000000000f426a
0x00007fff50f6e320:   00007fa889c1d620 00007fff90c5eb90
0x00007fff50f6e330:   0000000000000001 0000000000000001
0x00007fff50f6e340:   0000000000000030 0000000000000001
0x00007fff50f6e350:   00007fff50f6e370 00007fff90c5f546
0x00007fff50f6e360:   00007fff75406fb0 0000000000000000
0x00007fff50f6e370:   00007fff50f6e390 0000000000000016
0x00007fff50f6e380:   00038f038bb41c00 00007fa889c1d654
0x00007fff50f6e390:   0000000000000000 00007fff8e92e10f
0x00007fff50f6e3a0:   00007fa889c8d010 00007fff75406fb0
0x00007fff50f6e3b0:   00007fff50f6e430 00007fff8e936c3f
0x00007fff50f6e3c0:   00007fff50f6e434 00000000004baa01
0x00007fff50f6e3d0:   000000010ecada00 0000000000000002
0x00007fff50f6e3e0:   000000010ecaa000 00007fa889c631f2
0x00007fff50f6e3f0:   0000000000000003 000000010ecaee00
0x00007fff50f6e400:   00007fff50f6e4f0 00007fff90c5bb36
0x00007fff50f6e410:   00007fa889c67f60 00007fff50f6e5d8
0x00007fff50f6e420:   0000000000000017 0000000000000000
0x00007fff50f6e430:   00000000000f426a 00007fff8e92e403
0x00007fff50f6e440:   00007fff00000000 00007fa889c6e790 

Instructions: (pc=0x0000000129366561)
0x0000000129366541:   48 89 e5 41 56 53 48 8d 05 72 26 03 00 48 83 38
0x0000000129366551:   00 48 89 fb 75 72 48 8d 05 6a 25 03 00 48 8b 30
0x0000000129366561:   48 8b 03 48 8d 15 74 9a 01 00 48 8d 0d 2e 70 01
0x0000000129366571:   00 48 89 df ff 90 88 03 00 00 48 8d 0d 3e 26 03 

Register to memory mapping:

RAX=0x0000000129398ac8: jScreenClass+0 in /Library/Java/JavaVirtualMachines/jdk1.8.0_51.jdk/Contents/Home/jre/lib/libglass.dylib at 0x0000000129351000
RBX=0x0000000000000000 is an unknown value
RCX=0xbb00c8c7d0c80815 is an unknown value
RDX=0x00007fff749361f8: __sFX+0x1c8 in /usr/lib/system/libsystem_c.dylib at 0x00007fff8acff000
RSP=0x00007fff50f6e250 is an unknown value
RBP=0x00007fff50f6e260 is an unknown value
RSI=0x00007fa889c0ff30 is a global jni handle
RDI=0x0000000000000000 is an unknown value
R8 =0x00007fff50f6e100 is an unknown value
R9 =0x00007fff7541c300: _thread+0 in /usr/lib/system/libsystem_pthread.dylib at 0x00007fff8ecd9000
R10=0x0000000000000000 is an unknown value
R11=0x0000000000000246 is an unknown value
R12=0x00007fa889c1d630 is an unknown value
R13=0x00000000000f426a is an unknown value
R14=0x00007fa889c8d010 is an unknown value
R15=0x00007fff50f6e3a0 is an unknown value


Stack: [0x00007fff50771000,0x00007fff50f71000],  sp=0x00007fff50f6e250,  free space=8180k
Native frames: (J=compiled Java code, j=interpreted, Vv=VM code, C=native code)
C  [libglass.dylib+0x15561]  GlassScreenDidChangeScreenParameters+0x21
C  [CoreFoundation+0x12045c]  __CFNOTIFICATIONCENTER_IS_CALLING_OUT_TO_AN_OBSERVER__+0xc
C  [CoreFoundation+0x10634]  _CFXNotificationPost+0xc44
C  [Foundation+0x7aa1]  -[NSNotificationCenter postNotificationName:object:userInfo:]+0x42
C  [AppKit+0x40de7e]  -[NSApplication _reactToScreenInvalidationImmediately:]+0x17b
C  [AppKit+0x40dcc7]  __44-[NSApplication _reactToScreenInvalidation:]_block_invoke+0x4b
C  [CoreFoundation+0x808ec]  __CFRUNLOOP_IS_CALLING_OUT_TO_A_BLOCK__+0xc
C  [CoreFoundation+0x729f5]  __CFRunLoopDoBlocks+0x155
C  [CoreFoundation+0x72536]  __CFRunLoopRun+0x716
C  [CoreFoundation+0x71bd8]  CFRunLoopRunSpecific+0x128
C  [java+0x6463]  CreateExecutionEnvironment+0x367
C  [java+0x21ac]  JLI_Launch+0x7a0
C  [java+0x84c0]  main+0x65
C  [java+0x1a04]  start+0x34


---------------  P R O C E S S  ---------------

VM state:at safepoint (normal execution)

VM Mutex/Monitor currently owned by a thread:  ([mutex/lock_event])
[0x00007fa889d13d80] Threads_lock - owner thread: 0x00007fa88b835000
[0x00007fa889d14280] Heap_lock - owner thread: 0x00007fa88a80b800

Heap:
 PSYoungGen      total 38400K, used 11193K [0x0000000795580000, 0x0000000798000000, 0x00000007c0000000)
  eden space 33280K, 19% used [0x0000000795580000,0x0000000795bf2600,0x0000000797600000)
  from space 5120K, 89% used [0x0000000797600000,0x0000000797a7c030,0x0000000797b00000)
  to   space 5120K, 0% used [0x0000000797b00000,0x0000000797b00000,0x0000000798000000)
 ParOldGen       total 87552K, used 80K [0x0000000740000000, 0x0000000745580000, 0x0000000795580000)
  object space 87552K, 0% used [0x0000000740000000,0x0000000740014010,0x0000000745580000)
 Metaspace       used 16292K, capacity 17266K, committed 17536K, reserved 1064960K
  class space    used 2416K, capacity 2645K, committed 2688K, reserved 1048576K

Card table byte_map: [0x000000011fa2c000,0x000000011fe2d000] byte_map_base: 0x000000011c02c000

Marking Bits: (ParMarkBitMap*) 0x000000010fec27a0
 Begin Bits: [0x00000001204e4000, 0x00000001224e4000)
 End Bits:   [0x00000001224e4000, 0x00000001244e4000)

Polling page: 0x000000010ede8000

CodeCache: size=245760Kb used=4911Kb max_used=4911Kb free=240848Kb
 bounds [0x000000011066c000, 0x0000000110b3c000, 0x000000011f66c000]
 total_blobs=2168 nmethods=1548 adapters=533
 compilation: enabled

Compilation events (10 events):
Event: 41.938 Thread 0x00007fa88b810000 1544       3       sun.invoke.util.BytecodeDescriptor::unparseMethod (68 bytes)
Event: 41.938 Thread 0x00007fa88b810000 nmethod 1544 0x0000000110b372d0 code [0x0000000110b37520, 0x0000000110b383f8]
Event: 41.943 Thread 0x00007fa88b810000 1546       3       java.util.concurrent.atomic.AtomicInteger::incrementAndGet (14 bytes)
Event: 41.943 Thread 0x00007fa88b810000 nmethod 1546 0x0000000110b38bd0 code [0x0000000110b38d20, 0x0000000110b38e70]
Event: 41.943 Thread 0x00007fa88b810000 1547       3       java.util.concurrent.locks.ReentrantLock::lock (8 bytes)
Event: 41.943 Thread 0x00007fa88b810000 nmethod 1547 0x0000000110b38ed0 code [0x0000000110b39040, 0x0000000110b39268]
Event: 41.943 Thread 0x00007fa88b810000 1548       3       java.util.concurrent.locks.ReentrantLock$NonfairSync::lock (25 bytes)
Event: 41.944 Thread 0x00007fa88b810000 nmethod 1548 0x0000000110b39310 code [0x0000000110b394e0, 0x0000000110b39d18]
Event: 41.949 Thread 0x00007fa88b810000 1549       3       jdk.internal.org.objectweb.asm.MethodVisitor::visitVarInsn (17 bytes)
Event: 41.950 Thread 0x00007fa88b810000 nmethod 1549 0x0000000110b39f90 code [0x0000000110b3a100, 0x0000000110b3a368]

GC Heap History (2 events):
Event: 1.164 GC heap before
{Heap before GC invocations=1 (full 0):
 PSYoungGen      total 38400K, used 33280K [0x0000000795580000, 0x0000000798000000, 0x00000007c0000000)
  eden space 33280K, 100% used [0x0000000795580000,0x0000000797600000,0x0000000797600000)
  from space 5120K, 0% used [0x0000000797b00000,0x0000000797b00000,0x0000000798000000)
  to   space 5120K, 0% used [0x0000000797600000,0x0000000797600000,0x0000000797b00000)
 ParOldGen       total 87552K, used 0K [0x0000000740000000, 0x0000000745580000, 0x0000000795580000)
  object space 87552K, 0% used [0x0000000740000000,0x0000000740000000,0x0000000745580000)
 Metaspace       used 15047K, capacity 15930K, committed 16128K, reserved 1062912K
  class space    used 2264K, capacity 2463K, committed 2560K, reserved 1048576K
Event: 1.171 GC heap after
Heap after GC invocations=1 (full 0):
 PSYoungGen      total 38400K, used 4592K [0x0000000795580000, 0x0000000798000000, 0x00000007c0000000)
  eden space 33280K, 0% used [0x0000000795580000,0x0000000795580000,0x0000000797600000)
  from space 5120K, 89% used [0x0000000797600000,0x0000000797a7c030,0x0000000797b00000)
  to   space 5120K, 0% used [0x0000000797b00000,0x0000000797b00000,0x0000000798000000)
 ParOldGen       total 87552K, used 80K [0x0000000740000000, 0x0000000745580000, 0x0000000795580000)
  object space 87552K, 0% used [0x0000000740000000,0x0000000740014010,0x0000000745580000)
 Metaspace       used 15047K, capacity 15930K, committed 16128K, reserved 1062912K
  class space    used 2264K, capacity 2463K, committed 2560K, reserved 1048576K
}

Deoptimization events (10 events):
Event: 0.863 Thread 0x00007fa88b9dd000 Uncommon trap: reason=class_check action=maybe_recompile pc=0x00000001108d7e84 method=java.io.DataInputStream.readShort()S @ 4
Event: 0.870 Thread 0x00007fa88b9dd000 Uncommon trap: reason=class_check action=maybe_recompile pc=0x000000011079459c method=java.lang.String.equals(Ljava/lang/Object;)Z @ 8
Event: 0.870 Thread 0x00007fa88b9dd000 Uncommon trap: reason=class_check action=maybe_recompile pc=0x000000011079459c method=java.lang.String.equals(Ljava/lang/Object;)Z @ 8
Event: 0.870 Thread 0x00007fa88b9dd000 Uncommon trap: reason=class_check action=maybe_recompile pc=0x000000011079459c method=java.lang.String.equals(Ljava/lang/Object;)Z @ 8
Event: 0.975 Thread 0x00007fa88b9dd000 Uncommon trap: reason=unstable_if action=reinterpret pc=0x00000001108bdca0 method=java.lang.CharacterData.of(I)Ljava/lang/CharacterData; @ 4
Event: 1.004 Thread 0x00007fa88b9dd000 Uncommon trap: reason=unstable_if action=reinterpret pc=0x0000000110998244 method=java.util.HashMap.putVal(ILjava/lang/Object;Ljava/lang/Object;ZZ)Ljava/lang/Object; @ 193
Event: 1.006 Thread 0x00007fa88b9dd000 Uncommon trap: reason=class_check action=maybe_recompile pc=0x000000011079459c method=java.lang.String.equals(Ljava/lang/Object;)Z @ 8
Event: 1.296 Thread 0x00007fa88a0ce800 Uncommon trap: reason=unstable_if action=reinterpret pc=0x00000001109427e0 method=sun.net.www.ParseUtil.encodePath(Ljava/lang/String;Z)Ljava/lang/String; @ 109
Event: 1.357 Thread 0x00007fa88b9dd000 Uncommon trap: reason=unstable_if action=reinterpret pc=0x00000001109c8974 method=jdk.internal.org.objectweb.asm.Type.getArgumentsAndReturnSizes(Ljava/lang/String;)I @ 47
Event: 1.418 Thread 0x00007fa88b9dd000 Uncommon trap: reason=unstable_if action=reinterpret pc=0x0000000110a7bbcc method=com.sun.javafx.css.SimpleSelector.stateMatches(Ljavafx/css/Styleable;Ljava/util/Set;)Z @ 1

Internal exceptions (10 events):
Event: 0.596 Thread 0x00007fa88b9dd000 Exception <a 'java/lang/ArrayIndexOutOfBoundsException': 18> (0x0000000796751968) thrown at [/Users/java_re/workspace/8-2-build-macosx-x86_64/jdk8u51/3951/hotspot/src/share/vm/interpreter/interpreterRuntime.cpp, line 366]
Event: 0.597 Thread 0x00007fa88b9dd000 Exception <a 'java/lang/ArrayIndexOutOfBoundsException': 86> (0x0000000796752c60) thrown at [/Users/java_re/workspace/8-2-build-macosx-x86_64/jdk8u51/3951/hotspot/src/share/vm/interpreter/interpreterRuntime.cpp, line 366]
Event: 0.702 Thread 0x00007fa88b9dd000 Exception <a 'java/lang/ArrayIndexOutOfBoundsException'> (0x0000000796a1b6b0) thrown at [/Users/java_re/workspace/8-2-build-macosx-x86_64/jdk8u51/3951/hotspot/src/share/vm/runtime/sharedRuntime.cpp, line 605]
Event: 0.702 Thread 0x00007fa88b9dd000 Exception <a 'java/lang/ArrayIndexOutOfBoundsException'> (0x0000000796a1c600) thrown at [/Users/java_re/workspace/8-2-build-macosx-x86_64/jdk8u51/3951/hotspot/src/share/vm/runtime/sharedRuntime.cpp, line 605]
Event: 0.702 Thread 0x00007fa88b9dd000 Exception <a 'java/lang/ArrayIndexOutOfBoundsException'> (0x0000000796a1ddc0) thrown at [/Users/java_re/workspace/8-2-build-macosx-x86_64/jdk8u51/3951/hotspot/src/share/vm/runtime/sharedRuntime.cpp, line 605]
Event: 0.753 Thread 0x00007fa88b9dd000 Implicit null exception at 0x000000011093d7b5 to 0x000000011093d9ed
Event: 1.418 Thread 0x00007fa88b9dd000 Implicit null exception at 0x0000000110a7b532 to 0x0000000110a7bba1
Event: 2.319 Thread 0x00007fa88b9dd000 Exception <a 'java/lang/NullPointerException'> (0x0000000795b05950) thrown at [/Users/java_re/workspace/8-2-build-macosx-x86_64/jdk8u51/3951/hotspot/src/share/vm/interpreter/linkResolver.cpp, line 1178]
Event: 2.319 Thread 0x00007fa88b9dd000 Exception <a 'java/lang/reflect/InvocationTargetException'> (0x0000000795b05c90) thrown at [/Users/java_re/workspace/8-2-build-macosx-x86_64/jdk8u51/3951/hotspot/src/share/vm/runtime/reflection.cpp, line 1080]
Event: 2.319 Thread 0x00007fa88b9dd000 Exception <a 'java/lang/RuntimeException'> (0x0000000795b06320) thrown at [/Users/java_re/workspace/8-2-build-macosx-x86_64/jdk8u51/3951/hotspot/src/share/vm/prims/jvm.cpp, line 1386]

Events (10 events):
Event: 41.949 Thread 0x00007fa88a0ce800 Thread exited: 0x00007fa88a0ce800
Event: 41.950 Thread 0x00007fa88a1d2800 Thread exited: 0x00007fa88a1d2800
Event: 41.950 Thread 0x00007fa88a80b800 Thread exited: 0x00007fa88a80b800
Event: 41.950 Thread 0x00007fa88a80b800 Thread added: 0x00007fa88a80b800
Event: 41.950 Thread 0x00007fa88b9dd000 Thread exited: 0x00007fa88b9dd000
Event: 41.950 loading class java/util/IdentityHashMap$KeyIterator
Event: 41.950 loading class java/util/IdentityHashMap$IdentityHashMapIterator
Event: 41.950 loading class java/util/IdentityHashMap$IdentityHashMapIterator done
Event: 41.950 loading class java/util/IdentityHashMap$KeyIterator done
Event: 41.950 Thread 0x00007fa88a80b800 Thread exited: 0x00007fa88a80b800


Dynamic libraries:
0x000000000390a000 	/System/Library/Frameworks/Cocoa.framework/Versions/A/Cocoa
0x000000000390a000 	/System/Library/Frameworks/Security.framework/Versions/A/Security
0x000000000390a000 	/System/Library/Frameworks/ApplicationServices.framework/Versions/A/ApplicationServices
0x000000000390a000 	/usr/lib/libz.1.dylib
0x000000000390a000 	/usr/lib/libSystem.B.dylib
0x000000000390a000 	/usr/lib/libobjc.A.dylib
0x000000000390a000 	/System/Library/Frameworks/CoreFoundation.framework/Versions/A/CoreFoundation
0x000000000390a000 	/System/Library/Frameworks/Foundation.framework/Versions/C/Foundation
0x000000000390a000 	/System/Library/Frameworks/AppKit.framework/Versions/C/AppKit
0x000000000390a000 	/System/Library/Frameworks/CoreData.framework/Versions/A/CoreData
0x000000000390a000 	/System/Library/PrivateFrameworks/RemoteViewServices.framework/Versions/A/RemoteViewServices
0x000000000390a000 	/System/Library/PrivateFrameworks/UIFoundation.framework/Versions/A/UIFoundation
0x000000000390a000 	/System/Library/Frameworks/IOSurface.framework/Versions/A/IOSurface
0x000000000390a000 	/System/Library/Frameworks/AudioToolbox.framework/Versions/A/AudioToolbox
0x000000000390a000 	/System/Library/Frameworks/AudioUnit.framework/Versions/A/AudioUnit
0x000000000390a000 	/System/Library/PrivateFrameworks/DataDetectorsCore.framework/Versions/A/DataDetectorsCore
0x000000000390a000 	/System/Library/PrivateFrameworks/DesktopServicesPriv.framework/Versions/A/DesktopServicesPriv
0x000000000390a000 	/System/Library/Frameworks/Carbon.framework/Versions/A/Frameworks/HIToolbox.framework/Versions/A/HIToolbox
0x000000000390a000 	/System/Library/Frameworks/QuartzCore.framework/Versions/A/QuartzCore
0x000000000390a000 	/System/Library/Frameworks/Carbon.framework/Versions/A/Frameworks/SpeechRecognition.framework/Versions/A/SpeechRecognition
0x000000000390a000 	/usr/lib/libauto.dylib
0x000000000390a000 	/usr/lib/libicucore.A.dylib
0x000000000390a000 	/usr/lib/libxml2.2.dylib
0x000000000390a000 	/System/Library/PrivateFrameworks/CoreUI.framework/Versions/A/CoreUI
0x000000000390a000 	/System/Library/Frameworks/CoreAudio.framework/Versions/A/CoreAudio
0x000000000390a000 	/System/Library/Frameworks/DiskArbitration.framework/Versions/A/DiskArbitration
0x000000000390a000 	/usr/lib/liblangid.dylib
0x000000000390a000 	/System/Library/PrivateFrameworks/MultitouchSupport.framework/Versions/A/MultitouchSupport
0x000000000390a000 	/System/Library/Frameworks/IOKit.framework/Versions/A/IOKit
0x000000000390a000 	/usr/lib/libDiagnosticMessagesClient.dylib
0x000000000390a000 	/System/Library/Frameworks/CoreServices.framework/Versions/A/CoreServices
0x000000000390a000 	/System/Library/PrivateFrameworks/PerformanceAnalysis.framework/Versions/A/PerformanceAnalysis
0x000000000390a000 	/System/Library/PrivateFrameworks/GenerationalStorage.framework/Versions/A/GenerationalStorage
0x000000000390a000 	/System/Library/Frameworks/OpenGL.framework/Versions/A/OpenGL
0x000000000390a000 	/System/Library/PrivateFrameworks/Sharing.framework/Versions/A/Sharing
0x000000000390a000 	/System/Library/Frameworks/CoreGraphics.framework/Versions/A/CoreGraphics
0x000000000390a000 	/System/Library/Frameworks/CoreText.framework/Versions/A/CoreText
0x000000000390a000 	/System/Library/Frameworks/ImageIO.framework/Versions/A/ImageIO
0x000000000390a000 	/usr/lib/libextension.dylib
0x000000000390a000 	/System/Library/PrivateFrameworks/Backup.framework/Versions/A/Backup
0x000000000390a000 	/usr/lib/libarchive.2.dylib
0x000000000390a000 	/System/Library/Frameworks/CFNetwork.framework/Versions/A/CFNetwork
0x000000000390a000 	/System/Library/Frameworks/SystemConfiguration.framework/Versions/A/SystemConfiguration
0x000000000390a000 	/usr/lib/libCRFSuite.dylib
0x000000000390a000 	/usr/lib/libc++.1.dylib
0x000000000390a000 	/usr/lib/libc++abi.dylib
0x000000000390a000 	/usr/lib/system/libcache.dylib
0x000000000390a000 	/usr/lib/system/libcommonCrypto.dylib
0x000000000390a000 	/usr/lib/system/libcompiler_rt.dylib
0x000000000390a000 	/usr/lib/system/libcopyfile.dylib
0x000000000390a000 	/usr/lib/system/libcorecrypto.dylib
0x000000000390a000 	/usr/lib/system/libdispatch.dylib
0x000000000390a000 	/usr/lib/system/libdyld.dylib
0x000000000390a000 	/usr/lib/system/libkeymgr.dylib
0x000000000390a000 	/usr/lib/system/liblaunch.dylib
0x000000000390a000 	/usr/lib/system/libmacho.dylib
0x000000000390a000 	/usr/lib/system/libquarantine.dylib
0x000000000390a000 	/usr/lib/system/libremovefile.dylib
0x000000000390a000 	/usr/lib/system/libsystem_asl.dylib
0x000000000390a000 	/usr/lib/system/libsystem_blocks.dylib
0x000000000390a000 	/usr/lib/system/libsystem_c.dylib
0x000000000390a000 	/usr/lib/system/libsystem_configuration.dylib
0x000000000390a000 	/usr/lib/system/libsystem_coreservices.dylib
0x000000000390a000 	/usr/lib/system/libsystem_coretls.dylib
0x000000000390a000 	/usr/lib/system/libsystem_dnssd.dylib
0x000000000390a000 	/usr/lib/system/libsystem_info.dylib
0x000000000390a000 	/usr/lib/system/libsystem_kernel.dylib
0x000000000390a000 	/usr/lib/system/libsystem_m.dylib
0x000000000390a000 	/usr/lib/system/libsystem_malloc.dylib
0x000000000390a000 	/usr/lib/system/libsystem_network.dylib
0x000000000390a000 	/usr/lib/system/libsystem_networkextension.dylib
0x000000000390a000 	/usr/lib/system/libsystem_notify.dylib
0x000000000390a000 	/usr/lib/system/libsystem_platform.dylib
0x000000000390a000 	/usr/lib/system/libsystem_pthread.dylib
0x000000000390a000 	/usr/lib/system/libsystem_sandbox.dylib
0x000000000390a000 	/usr/lib/system/libsystem_secinit.dylib
0x000000000390a000 	/usr/lib/system/libsystem_stats.dylib
0x000000000390a000 	/usr/lib/system/libsystem_trace.dylib
0x000000000390a000 	/usr/lib/system/libunc.dylib
0x000000000390a000 	/usr/lib/system/libunwind.dylib
0x000000000390a000 	/usr/lib/system/libxpc.dylib
0x000000000390a000 	/usr/lib/libbz2.1.0.dylib
0x000000000390a000 	/usr/lib/liblzma.5.dylib
0x000000000390a000 	/usr/lib/libbsm.0.dylib
0x000000000390a000 	/usr/lib/libsqlite3.dylib
0x000000000390a000 	/usr/lib/system/libkxld.dylib
0x000000000390a000 	/usr/lib/libxar.1.dylib
0x000000000390a000 	/usr/lib/libpam.2.dylib
0x000000000390a000 	/usr/lib/libOpenScriptingUtil.dylib
0x000000000390a000 	/System/Library/Frameworks/CoreServices.framework/Versions/A/Frameworks/FSEvents.framework/Versions/A/FSEvents
0x000000000390a000 	/System/Library/Frameworks/CoreServices.framework/Versions/A/Frameworks/CarbonCore.framework/Versions/A/CarbonCore
0x000000000390a000 	/System/Library/Frameworks/CoreServices.framework/Versions/A/Frameworks/Metadata.framework/Versions/A/Metadata
0x000000000390a000 	/System/Library/Frameworks/CoreServices.framework/Versions/A/Frameworks/OSServices.framework/Versions/A/OSServices
0x000000000390a000 	/System/Library/Frameworks/CoreServices.framework/Versions/A/Frameworks/SearchKit.framework/Versions/A/SearchKit
0x000000000390a000 	/System/Library/Frameworks/CoreServices.framework/Versions/A/Frameworks/AE.framework/Versions/A/AE
0x000000000390a000 	/System/Library/Frameworks/CoreServices.framework/Versions/A/Frameworks/LaunchServices.framework/Versions/A/LaunchServices
0x000000000390a000 	/System/Library/Frameworks/CoreServices.framework/Versions/A/Frameworks/DictionaryServices.framework/Versions/A/DictionaryServices
0x000000000390a000 	/System/Library/Frameworks/NetFS.framework/Versions/A/NetFS
0x000000000390a000 	/System/Library/PrivateFrameworks/NetAuth.framework/Versions/A/NetAuth
0x000000000390a000 	/System/Library/PrivateFrameworks/login.framework/Versions/A/Frameworks/loginsupport.framework/Versions/A/loginsupport
0x000000000390a000 	/System/Library/PrivateFrameworks/TCC.framework/Versions/A/TCC
0x000000000390a000 	/usr/lib/libmecabra.dylib
0x000000000390a000 	/System/Library/Frameworks/ApplicationServices.framework/Versions/A/Frameworks/ATS.framework/Versions/A/ATS
0x000000000390a000 	/System/Library/Frameworks/ApplicationServices.framework/Versions/A/Frameworks/ColorSync.framework/Versions/A/ColorSync
0x000000000390a000 	/System/Library/Frameworks/ApplicationServices.framework/Versions/A/Frameworks/HIServices.framework/Versions/A/HIServices
0x000000000390a000 	/System/Library/Frameworks/ApplicationServices.framework/Versions/A/Frameworks/LangAnalysis.framework/Versions/A/LangAnalysis
0x000000000390a000 	/System/Library/Frameworks/ApplicationServices.framework/Versions/A/Frameworks/PrintCore.framework/Versions/A/PrintCore
0x000000000390a000 	/System/Library/Frameworks/ApplicationServices.framework/Versions/A/Frameworks/QD.framework/Versions/A/QD
0x000000000390a000 	/System/Library/Frameworks/ApplicationServices.framework/Versions/A/Frameworks/SpeechSynthesis.framework/Versions/A/SpeechSynthesis
0x000000000390a000 	/System/Library/Frameworks/Accelerate.framework/Versions/A/Accelerate
0x000000000390a000 	/System/Library/Frameworks/Accelerate.framework/Versions/A/Frameworks/vImage.framework/Versions/A/vImage
0x000000000390a000 	/System/Library/Frameworks/Accelerate.framework/Versions/A/Frameworks/vecLib.framework/Versions/A/vecLib
0x000000000390a000 	/System/Library/Frameworks/Accelerate.framework/Versions/A/Frameworks/vecLib.framework/Versions/A/libvDSP.dylib
0x000000000390a000 	/System/Library/Frameworks/Accelerate.framework/Versions/A/Frameworks/vecLib.framework/Versions/A/libvMisc.dylib
0x000000000390a000 	/System/Library/Frameworks/Accelerate.framework/Versions/A/Frameworks/vecLib.framework/Versions/A/libLAPACK.dylib
0x000000000390a000 	/System/Library/Frameworks/Accelerate.framework/Versions/A/Frameworks/vecLib.framework/Versions/A/libBLAS.dylib
0x000000000390a000 	/System/Library/Frameworks/Accelerate.framework/Versions/A/Frameworks/vecLib.framework/Versions/A/libLinearAlgebra.dylib
0x000000000390a000 	/System/Library/Frameworks/ApplicationServices.framework/Versions/A/Frameworks/ATS.framework/Versions/A/Resources/libFontParser.dylib
0x000000000390a000 	/System/Library/Frameworks/ApplicationServices.framework/Versions/A/Frameworks/ATS.framework/Versions/A/Resources/libFontRegistry.dylib
0x000000000390a000 	/System/Library/PrivateFrameworks/AppleVPA.framework/Versions/A/AppleVPA
0x000000000390a000 	/System/Library/PrivateFrameworks/AppleJPEG.framework/Versions/A/AppleJPEG
0x000000000390a000 	/System/Library/Frameworks/ImageIO.framework/Versions/A/Resources/libJPEG.dylib
0x000000000390a000 	/System/Library/Frameworks/ImageIO.framework/Versions/A/Resources/libTIFF.dylib
0x000000000390a000 	/System/Library/Frameworks/ImageIO.framework/Versions/A/Resources/libPng.dylib
0x000000000390a000 	/System/Library/Frameworks/ImageIO.framework/Versions/A/Resources/libGIF.dylib
0x000000000390a000 	/System/Library/Frameworks/ImageIO.framework/Versions/A/Resources/libJP2.dylib
0x000000000390a000 	/System/Library/Frameworks/ImageIO.framework/Versions/A/Resources/libRadiance.dylib
0x000000000390a000 	/System/Library/Frameworks/CoreVideo.framework/Versions/A/CoreVideo
0x000000000390a000 	/System/Library/Frameworks/OpenGL.framework/Versions/A/Libraries/libGLU.dylib
0x000000000390a000 	/System/Library/Frameworks/OpenGL.framework/Versions/A/Libraries/libGFXShared.dylib
0x000000000390a000 	/System/Library/Frameworks/OpenGL.framework/Versions/A/Libraries/libGL.dylib
0x000000000390a000 	/System/Library/Frameworks/OpenGL.framework/Versions/A/Libraries/libGLImage.dylib
0x000000000390a000 	/System/Library/Frameworks/OpenGL.framework/Versions/A/Libraries/libCVMSPluginSupport.dylib
0x000000000390a000 	/System/Library/Frameworks/OpenGL.framework/Versions/A/Libraries/libCoreVMClient.dylib
0x000000000390a000 	/usr/lib/libcups.2.dylib
0x000000000390a000 	/System/Library/Frameworks/Kerberos.framework/Versions/A/Kerberos
0x000000000390a000 	/System/Library/Frameworks/GSS.framework/Versions/A/GSS
0x000000000390a000 	/usr/lib/libresolv.9.dylib
0x000000000390a000 	/usr/lib/libiconv.2.dylib
0x000000000390a000 	/System/Library/PrivateFrameworks/Heimdal.framework/Versions/A/Heimdal
0x000000000390a000 	/usr/lib/libheimdal-asn1.dylib
0x000000000390a000 	/System/Library/Frameworks/OpenDirectory.framework/Versions/A/OpenDirectory
0x000000000390a000 	/System/Library/PrivateFrameworks/CommonAuth.framework/Versions/A/CommonAuth
0x000000000390a000 	/System/Library/Frameworks/OpenDirectory.framework/Versions/A/Frameworks/CFOpenDirectory.framework/Versions/A/CFOpenDirectory
0x000000000390a000 	/System/Library/Frameworks/SecurityFoundation.framework/Versions/A/SecurityFoundation
0x000000000390a000 	/System/Library/PrivateFrameworks/LanguageModeling.framework/Versions/A/LanguageModeling
0x000000000390a000 	/usr/lib/libcmph.dylib
0x000000000390a000 	/System/Library/Frameworks/ServiceManagement.framework/Versions/A/ServiceManagement
0x000000000390a000 	/usr/lib/libxslt.1.dylib
0x000000000390a000 	/System/Library/Frameworks/Carbon.framework/Versions/A/Frameworks/Ink.framework/Versions/A/Ink
0x000000000390a000 	/System/Library/Frameworks/QuartzCore.framework/Versions/A/Frameworks/CoreImage.framework/Versions/A/CoreImage
0x000000000390a000 	/System/Library/PrivateFrameworks/CrashReporterSupport.framework/Versions/A/CrashReporterSupport
0x000000000390a000 	/System/Library/Frameworks/OpenCL.framework/Versions/A/OpenCL
0x000000000390a000 	/System/Library/PrivateFrameworks/FaceCore.framework/Versions/A/FaceCore
0x000000000390a000 	/System/Library/PrivateFrameworks/Ubiquity.framework/Versions/A/Ubiquity
0x000000000390a000 	/System/Library/PrivateFrameworks/IconServices.framework/Versions/A/IconServices
0x000000000390a000 	/System/Library/PrivateFrameworks/ChunkingLibrary.framework/Versions/A/ChunkingLibrary
0x000000000390a000 	/System/Library/PrivateFrameworks/Apple80211.framework/Versions/A/Apple80211
0x000000000390a000 	/System/Library/Frameworks/CoreWLAN.framework/Versions/A/CoreWLAN
0x000000000390a000 	/System/Library/Frameworks/IOBluetooth.framework/Versions/A/IOBluetooth
0x000000000390a000 	/System/Library/PrivateFrameworks/CoreWiFi.framework/Versions/A/CoreWiFi
0x000000000390a000 	/System/Library/Frameworks/CoreBluetooth.framework/Versions/A/CoreBluetooth
0x000000000390a000 	/System/Library/PrivateFrameworks/DebugSymbols.framework/Versions/A/DebugSymbols
0x000000000390a000 	/System/Library/PrivateFrameworks/CoreSymbolication.framework/Versions/A/CoreSymbolication
0x000000000390a000 	/System/Library/PrivateFrameworks/Symbolication.framework/Versions/A/Symbolication
0x000000000390a000 	/System/Library/PrivateFrameworks/SpeechRecognitionCore.framework/Versions/A/SpeechRecognitionCore
0x000000010f600000 	/Library/Java/JavaVirtualMachines/jdk1.8.0_51.jdk/Contents/Home/jre/lib/server/libjvm.dylib
0x000000000390a000 	/usr/lib/libstdc++.6.dylib
0x000000010eda5000 	/Library/Java/JavaVirtualMachines/jdk1.8.0_51.jdk/Contents/Home/jre/lib/libverify.dylib
0x000000010edb3000 	/Library/Java/JavaVirtualMachines/jdk1.8.0_51.jdk/Contents/Home/jre/lib/libjava.dylib
0x000000010edf2000 	/Library/Java/JavaVirtualMachines/jdk1.8.0_51.jdk/Contents/Home/jre/lib/libzip.dylib
0x00000001266e4000 	/System/Library/Frameworks/JavaVM.framework/Frameworks/JavaRuntimeSupport.framework/JavaRuntimeSupport
0x00000001266ff000 	/System/Library/Frameworks/JavaVM.framework/Versions/A/Frameworks/JavaNativeFoundation.framework/Versions/A/JavaNativeFoundation
0x0000000126714000 	/System/Library/Frameworks/JavaVM.framework/Versions/A/JavaVM
0x000000000390a000 	/System/Library/Frameworks/Carbon.framework/Versions/A/Carbon
0x0000000126721000 	/System/Library/PrivateFrameworks/JavaLaunching.framework/Versions/A/JavaLaunching
0x000000000390a000 	/System/Library/Frameworks/Carbon.framework/Versions/A/Frameworks/CommonPanels.framework/Versions/A/CommonPanels
0x000000000390a000 	/System/Library/Frameworks/Carbon.framework/Versions/A/Frameworks/Help.framework/Versions/A/Help
0x000000000390a000 	/System/Library/Frameworks/Carbon.framework/Versions/A/Frameworks/ImageCapture.framework/Versions/A/ImageCapture
0x000000000390a000 	/System/Library/Frameworks/Carbon.framework/Versions/A/Frameworks/OpenScripting.framework/Versions/A/OpenScripting
0x000000000390a000 	/System/Library/Frameworks/Carbon.framework/Versions/A/Frameworks/Print.framework/Versions/A/Print
0x000000000390a000 	/System/Library/Frameworks/Carbon.framework/Versions/A/Frameworks/SecurityHI.framework/Versions/A/SecurityHI
0x00000001287ec000 	/Library/Java/JavaVirtualMachines/jdk1.8.0_51.jdk/Contents/Home/jre/lib/libprism_es2.dylib
0x000000000390a000 	/System/Library/Frameworks/OpenGL.framework/Versions/A/Resources/GLEngine.bundle/GLEngine
0x000000000390a000 	/System/Library/Frameworks/OpenGL.framework/Versions/A/Libraries/libGLProgrammability.dylib
0x000000012886e000 	/System/Library/Extensions/AppleIntelBDWGraphicsGLDriver.bundle/Contents/MacOS/AppleIntelBDWGraphicsGLDriver
0x000000000390a000 	/System/Library/PrivateFrameworks/IOAccelerator.framework/Versions/A/IOAccelerator
0x000000000390a000 	/System/Library/PrivateFrameworks/GPUSupport.framework/Versions/A/Libraries/libGPUSupportMercury.dylib
0x000000000390a000 	/System/Library/Frameworks/OpenGL.framework/Versions/A/Resources/GLRendererFloat.bundle/GLRendererFloat
0x000000000390a000 	/System/Library/Frameworks/OpenCL.framework/Versions/A/Libraries/libcldcpuengine.dylib
0x000000000390a000 	/System/Library/PrivateFrameworks/DiskImages.framework/Versions/A/DiskImages
0x000000000390a000 	/System/Library/Frameworks/DiscRecording.framework/Versions/A/DiscRecording
0x000000000390a000 	/usr/lib/libcsfde.dylib
0x000000000390a000 	/usr/lib/libcurl.4.dylib
0x000000000390a000 	/System/Library/PrivateFrameworks/MediaKit.framework/Versions/A/MediaKit
0x000000000390a000 	/System/Library/PrivateFrameworks/ProtectedCloudStorage.framework/Versions/A/ProtectedCloudStorage
0x000000000390a000 	/usr/lib/libCoreStorage.dylib
0x000000000390a000 	/System/Library/PrivateFrameworks/EFILogin.framework/Versions/A/EFILogin
0x000000000390a000 	/usr/lib/libutil.dylib
0x000000000390a000 	/System/Library/PrivateFrameworks/FindMyDevice.framework/Versions/A/FindMyDevice
0x000000000390a000 	/System/Library/Frameworks/LDAP.framework/Versions/A/LDAP
0x000000000390a000 	/usr/lib/libsasl2.2.dylib
0x000000000390a000 	/System/Library/PrivateFrameworks/CoreDaemon.framework/Versions/B/CoreDaemon
0x000000000390a000 	/usr/lib/libcrypto.0.9.8.dylib
0x000000000390a000 	/System/Library/PrivateFrameworks/AppleSRP.framework/Versions/A/AppleSRP
0x000000000390a000 	/System/Library/PrivateFrameworks/TrustEvaluationAgent.framework/Versions/A/TrustEvaluationAgent
0x0000000129351000 	/Library/Java/JavaVirtualMachines/jdk1.8.0_51.jdk/Contents/Home/jre/lib/libglass.dylib
0x000000000390a000 	/System/Library/PrivateFrameworks/CoreServicesInternal.framework/Versions/A/CoreServicesInternal
0x000000000390a000 	/System/Library/PrivateFrameworks/CloudDocs.framework/Versions/A/CloudDocs
0x000000000390a000 	/System/Library/PrivateFrameworks/CoreDuet.framework/Versions/A/CoreDuet
0x000000000390a000 	/System/Library/Frameworks/CloudKit.framework/Versions/A/CloudKit
0x000000000390a000 	/System/Library/PrivateFrameworks/ProtocolBuffer.framework/Versions/A/ProtocolBuffer
0x000000000390a000 	/System/Library/PrivateFrameworks/CoreDuetDaemonProtocol.framework/Versions/A/CoreDuetDaemonProtocol
0x000000000390a000 	/System/Library/PrivateFrameworks/CoreDuetDebugLogging.framework/Versions/A/CoreDuetDebugLogging
0x000000000390a000 	/System/Library/PrivateFrameworks/MMCS.framework/Versions/A/MMCS
0x000000000390a000 	/System/Library/Frameworks/CoreLocation.framework/Versions/A/CoreLocation
0x000000000390a000 	/System/Library/PrivateFrameworks/GeoServices.framework/Versions/A/GeoServices
0x000000000390a000 	/System/Library/Frameworks/CoreGraphics.framework/Versions/A/Resources/libCGCMS.A.dylib
0x000000000390a000 	/System/Library/CoreServices/RawCamera.bundle/Contents/MacOS/RawCamera
0x000000000390a000 	/System/Library/Frameworks/CoreGraphics.framework/Versions/A/Resources/libRIP.A.dylib
0x000000000390a000 	/System/Library/PrivateFrameworks/FamilyControls.framework/Versions/A/FamilyControls
0x000000000390a000 	/System/Library/PrivateFrameworks/CommerceKit.framework/Versions/A/Frameworks/CommerceCore.framework/Versions/A/CommerceCore
0x000000000390a000 	/System/Library/PrivateFrameworks/SystemAdministration.framework/Versions/A/SystemAdministration
0x000000000390a000 	/System/Library/PrivateFrameworks/AppContainer.framework/Versions/A/AppContainer
0x000000000390a000 	/System/Library/PrivateFrameworks/SecCodeWrapper.framework/Versions/A/SecCodeWrapper
0x000000000390a000 	/System/Library/Frameworks/DirectoryService.framework/Versions/A/DirectoryService
0x000000000390a000 	/System/Library/PrivateFrameworks/LoginUIKit.framework/Versions/A/Frameworks/LoginUICore.framework/Versions/A/LoginUICore
0x000000000390a000 	/usr/lib/libodfde.dylib
0x000000012d06f000 	/Library/Java/JavaVirtualMachines/jdk1.8.0_51.jdk/Contents/Home/jre/lib/libjavafx_font.dylib
0x000000000390a000 	/System/Library/Frameworks/CoreGraphics.framework/Versions/A/Resources/libCGXType.A.dylib
0x000000012f731000 	cl_kernels
0x0000000130603000 	/System/Library/Frameworks/OpenCL.framework/Versions/A/Libraries/ImageFormats/unorm8_bgra.dylib
0x000000012f723000 	cl_kernels
0x00000001311b0000 	/Library/Java/JavaVirtualMachines/jdk1.8.0_51.jdk/Contents/Home/jre/lib/libprism_common.dylib

VM Arguments:
jvm_args: -Dfile.encoding=UTF-8 
java_command: edu.mum.lms.Main
java_class_path (initial): /Applications/XAMPP/xamppfiles/htdocs/lms/librarymanagement/bin:/Applications/XAMPP/xamppfiles/htdocs/lms/librarymanagement/lib/log4j-1.2.17.jar:/Applications/XAMPP/xamppfiles/htdocs/lms/librarymanagement/lib/mysql-connector-java-5.1.21-bin.jar
Launcher Type: SUN_STANDARD

Environment Variables:
PATH=/usr/bin:/bin:/usr/sbin:/sbin
SHELL=/bin/bash

Signal Handlers:
SIGSEGV: [libjvm.dylib+0x58ef35], sa_mask[0]=11111111011111110111111111111111, sa_flags=SA_ONSTACK|SA_RESTART|SA_SIGINFO
SIGBUS: [libjvm.dylib+0x58ef35], sa_mask[0]=11111111011111110111111111111111, sa_flags=SA_RESTART|SA_SIGINFO
SIGFPE: [libjvm.dylib+0x46c028], sa_mask[0]=11111111011111110111111111111111, sa_flags=SA_RESTART|SA_SIGINFO
SIGPIPE: [libjvm.dylib+0x46c028], sa_mask[0]=11111111011111110111111111111111, sa_flags=SA_RESTART|SA_SIGINFO
SIGXFSZ: [libjvm.dylib+0x46c028], sa_mask[0]=11111111011111110111111111111111, sa_flags=SA_RESTART|SA_SIGINFO
SIGILL: [libjvm.dylib+0x46c028], sa_mask[0]=11111111011111110111111111111111, sa_flags=SA_RESTART|SA_SIGINFO
SIGUSR1: SIG_DFL, sa_mask[0]=00000000000000000000000000000000, sa_flags=none
SIGUSR2: [libjvm.dylib+0x46bb46], sa_mask[0]=00100000000000000000000000000000, sa_flags=SA_RESTART|SA_SIGINFO
SIGHUP: [libjvm.dylib+0x46a119], sa_mask[0]=11111111011111110111111111111111, sa_flags=SA_RESTART|SA_SIGINFO
SIGINT: [libjvm.dylib+0x46a119], sa_mask[0]=11111111011111110111111111111111, sa_flags=SA_RESTART|SA_SIGINFO
SIGTERM: [libjvm.dylib+0x46a119], sa_mask[0]=11111111011111110111111111111111, sa_flags=SA_RESTART|SA_SIGINFO
SIGQUIT: [libjvm.dylib+0x46a119], sa_mask[0]=11111111011111110111111111111111, sa_flags=SA_RESTART|SA_SIGINFO


---------------  S Y S T E M  ---------------

OS:Bsduname:Darwin 14.5.0 Darwin Kernel Version 14.5.0: Wed Jul 29 02:26:53 PDT 2015; root:xnu-2782.40.9~1/RELEASE_X86_64 x86_64
rlimit: STACK 8192k, CORE 0k, NPROC 709, NOFILE 10240, AS infinity
load average:1.90 2.19 2.11

CPU:total 4 (2 cores per cpu, 2 threads per core) family 6 model 61 stepping 4, cmov, cx8, fxsr, mmx, sse, sse2, sse3, ssse3, sse4.1, sse4.2, popcnt, avx, avx2, aes, clmul, erms, 3dnowpref, lzcnt, ht, tsc, tscinvbit, bmi1, bmi2, adx

Memory: 4k page, physical 8388608k(185764k free)

/proc/meminfo:


vm_info: Java HotSpot(TM) 64-Bit Server VM (25.51-b03) for bsd-amd64 JRE (1.8.0_51-b16), built on Jun  8 2015 18:01:11 by "java_re" with gcc 4.2.1 (Based on Apple Inc. build 5658) (LLVM build 2336.11.00)

time: Thu Sep 10 15:36:46 2015
elapsed time: 42 seconds (0d 0h 0m 42s)

